<?xml version="1.0" encoding="UTF-8"?>
<!-- Generated by org.testng.reporters.JUnitReportReporter -->
<testsuite skipped="0" hostname="cdps-MacBook-Pro.local" name="com.qk.axis.AxisBankMobileAutomation.AppTest" tests="1" failures="0" timestamp="09 May 2019 11:57:00 GMT" time="93.667" errors="0">
  <testcase name="f" time="93.667" classname="com.qk.axis.AxisBankMobileAutomation.AppTest"/>
</testsuite> <!-- com.qk.axis.AxisBankMobileAutomation.AppTest -->
